# JRE version: Java(TM) SE Runtime Environment 18.9 (11.0.20+9) (build 11.0.20+9-LTS-256)
# Java VM: Java HotSpot(TM) 64-Bit Server VM 18.9 (11.0.20+9-LTS-256, mixed mode, tiered, compressed oops, g1 gc, windows-amd64)
Heap:
 garbage-first heap   total 63488K, used 48462K [0x00000000e0000000, 0x0000000100000000)
  region size 1024K, 22 young (22528K), 1 survivors (1024K)
 Metaspace       used 45209K, capacity 46732K, committed 46876K, reserved 1089536K
  class space    used 5802K, capacity 6448K, committed 6528K, reserved 1048576K
GC Heap History (10 events):
Event: 30.821 GC heap before
{Heap before GC invocations=25 (full 0):
 garbage-first heap   total 63488K, used 46042K [0x00000000e0000000, 0x0000000100000000)
  region size 1024K, 19 young (19456K), 2 survivors (2048K)
 Metaspace       used 44978K, capacity 46471K, committed 46620K, reserved 1089536K
  class space    used 5789K, capacity 6406K, committed 6528K, reserved 1048576K
}
Event: 30.823 GC heap after
{Heap after GC invocations=26 (full 0):
 garbage-first heap   total 63488K, used 27626K [0x00000000e0000000, 0x0000000100000000)
  region size 1024K, 1 young (1024K), 1 survivors (1024K)
 Metaspace       used 44978K, capacity 46471K, committed 46620K, reserved 1089536K
  class space    used 5789K, capacity 6406K, committed 6528K, reserved 1048576K
}
Event: 31.055 GC heap before
{Heap before GC invocations=26 (full 0):
 garbage-first heap   total 63488K, used 47082K [0x00000000e0000000, 0x0000000100000000)
  region size 1024K, 20 young (20480K), 1 survivors (1024K)
 Metaspace       used 45009K, capacity 46481K, committed 46620K, reserved 1089536K
  class space    used 5791K, capacity 6408K, committed 6528K, reserved 1048576K
}
Event: 31.058 GC heap after
{Heap after GC invocations=27 (full 0):
 garbage-first heap   total 63488K, used 26607K [0x00000000e0000000, 0x0000000100000000)
  region size 1024K, 1 young (1024K), 1 survivors (1024K)
 Metaspace       used 45009K, capacity 46481K, committed 46620K, reserved 1089536K
  class space    used 5791K, capacity 6408K, committed 6528K, reserved 1048576K
}
Event: 34.053 GC heap before
{Heap before GC invocations=27 (full 0):
 garbage-first heap   total 63488K, used 49135K [0x00000000e0000000, 0x0000000100000000)
  region size 1024K, 22 young (22528K), 1 survivors (1024K)
 Metaspace       used 45074K, capacity 46641K, committed 46876K, reserved 1089536K
  class space    used 5798K, capacity 6440K, committed 6528K, reserved 1048576K
}
Event: 34.056 GC heap after
{Heap after GC invocations=28 (full 0):
 garbage-first heap   total 63488K, used 27945K [0x00000000e0000000, 0x0000000100000000)
  region size 1024K, 1 young (1024K), 1 survivors (1024K)
 Metaspace       used 45074K, capacity 46641K, committed 46876K, reserved 1089536K
  class space    used 5798K, capacity 6440K, committed 6528K, reserved 1048576K
}
Event: 34.366 GC heap before
{Heap before GC invocations=28 (full 0):
 garbage-first heap   total 63488K, used 48425K [0x00000000e0000000, 0x0000000100000000)
  region size 1024K, 22 young (22528K), 1 survivors (1024K)
 Metaspace       used 45110K, capacity 46642K, committed 46876K, reserved 1089536K
  class space    used 5798K, capacity 6440K, committed 6528K, reserved 1048576K
}
Event: 34.368 GC heap after
{Heap after GC invocations=29 (full 0):
 garbage-first heap   total 63488K, used 26655K [0x00000000e0000000, 0x0000000100000000)
  region size 1024K, 1 young (1024K), 1 survivors (1024K)
 Metaspace       used 45110K, capacity 46642K, committed 46876K, reserved 1089536K
  class space    used 5798K, capacity 6440K, committed 6528K, reserved 1048576K
}
Event: 34.841 GC heap before
{Heap before GC invocations=29 (full 0):
 garbage-first heap   total 63488K, used 50207K [0x00000000e0000000, 0x0000000100000000)
  region size 1024K, 23 young (23552K), 1 survivors (1024K)
 Metaspace       used 45158K, capacity 46715K, committed 46876K, reserved 1089536K
  class space    used 5800K, capacity 6443K, committed 6528K, reserved 1048576K
}
Event: 34.844 GC heap after
{Heap after GC invocations=30 (full 0):
 garbage-first heap   total 63488K, used 27982K [0x00000000e0000000, 0x0000000100000000)
  region size 1024K, 1 young (1024K), 1 survivors (1024K)
 Metaspace       used 45158K, capacity 46715K, committed 46876K, reserved 1089536K
  class space    used 5800K, capacity 6443K, committed 6528K, reserved 1048576K
}

